serverUri: http://localhost:5700/sdelab/
Request #1: GET /person Accept: [application/xml] Content-type: [application/xml]
	=> Result: OK
	=> HTTP Status: 200
 <?xml version="1.0" encoding="UTF-8" standalone="yes"?><people><person><birthdate>01/09/1978</birthdate><email>chuck.norris@gmail.com</email><idPerson>1</idPerson><lastname>Chan</lastname><Measurements/><name>Sofia</name><username>chuck.norris</username></person><person><birthdate>01/09/1978</birthdate><email>pavel.kucherbaev@gmail.com</email><idPerson>2</idPerson><lastname>Norris</lastname><Measurements/><name>Chuck</name><username>pinco</username></person><person><birthdate>01/09/1978</birthdate><email>pippo.pappo@gmail.com</email><idPerson>3</idPerson><lastname>Pippo</lastname><Measurements/><name>Pappo</name><username>pippo</username></person><person><birthdate>12/12/1979</birthdate><idPerson>2603</idPerson><lastname>Palleto</lastname><Measurements/><name>test</name></person><person><birthdate>03/03/1987</birthdate><email>pavel@kucherbaev.com</email><idPerson>2703</idPerson><lastname>Chimirri</lastname><Measurements/><name>Leonardo</name><username>pavelk2</username></person><person><birthdate>02/03/1987</birthdate><idPerson>2753</idPerson><lastname>Palleto</lastname><Measurements/><name>test</name></person><person><birthdate>02/03/1987</birthdate><idPerson>2803</idPerson><lastname>Palleto</lastname><Measurements/><name>test</name></person><person><birthdate>02/03/1987</birthdate><idPerson>2853</idPerson><lastname>Palleto</lastname><Measurements/><name>test</name></person><person><birthdate>02/03/1987</birthdate><idPerson>2953</idPerson><lastname>Palleto</lastname><Measurements/><name>test</name></person><person><birthdate>02/03/1987</birthdate><idPerson>3003</idPerson><lastname>Palleto</lastname><Measurements/><name>test</name></person><person><birthdate>02/03/1987</birthdate><idPerson>3053</idPerson><lastname>Palleto</lastname><Measurements/><name>test</name></person><person><birthdate>02/03/1987</birthdate><idPerson>3103</idPerson><lastname>Palleto</lastname><Measurements/><name>test</name></person></people>
1
3103
Request #2: GET /person/1 Accept: [application/xml] Content-type: [application/xml]
	=> Result: OK
	=> HTTP Status: 200
 <?xml version="1.0" encoding="UTF-8" standalone="yes"?><person><birthdate>01/09/1978</birthdate><email>chuck.norris@gmail.com</email><idPerson>1</idPerson><lastname>Chan</lastname><Measurements/><name>Sofia</name><username>chuck.norris</username></person>
Request #3: PUT /person/1 Accept: [application/xml] Content-type: [application/xml]
	=> Result: OK
	=> HTTP Status: 200
 <?xml version="1.0" encoding="UTF-8" standalone="yes"?><person><birthdate>01/09/1978</birthdate><email>chuck.norris@gmail.com</email><idPerson>1</idPerson><lastname>Chan</lastname><Measurements/><name>Sofia</name><username>chuck.norris</username></person>
Request #4: POST /person Accept: [application/xml] Content-type: [application/xml]
	=> Result: OK
	=> HTTP Status: 200
 <?xml version="1.0" encoding="UTF-8" standalone="yes"?><person><birthdate>01/01/1945</birthdate><email>mario@rossi.com</email><idPerson>3305</idPerson><lastname>Rossi</lastname><name>Mario</name><username>marrossi</username></person>
Request #5: DELETE /person/3305 Accept: [application/xml] Content-type: 
	=> Result: OK
	=> HTTP Status: 500
 
