Request #1: GET /person Accept: [application/json] Content-type: [application/json]
	=> Result: OK
	=> HTTP Status: 200
 [{"idPerson":1,"lastname":"Chan","name":"Sofia","username":"chuck.norris","birthdate":"01/09/1978","email":"chuck.norris@gmail.com","lifeStatus":[]},{"idPerson":2,"lastname":"Norris","name":"Chuck","username":"pinco","birthdate":"01/09/1978","email":"pavel.kucherbaev@gmail.com","lifeStatus":[]},{"idPerson":3,"lastname":"Pippo","name":"Pappo","username":"pippo","birthdate":"01/09/1978","email":"pippo.pappo@gmail.com","lifeStatus":[]},{"idPerson":2603,"lastname":"Palleto","name":"test","username":null,"birthdate":"12/12/1979","email":null,"lifeStatus":[]},{"idPerson":2703,"lastname":"Chimirri","name":"Leonardo","username":"pavelk2","birthdate":"03/03/1987","email":"pavel@kucherbaev.com","lifeStatus":[]},{"idPerson":2753,"lastname":"Palleto","name":"test","username":null,"birthdate":"02/03/1987","email":null,"lifeStatus":[]},{"idPerson":2803,"lastname":"Palleto","name":"test","username":null,"birthdate":"02/03/1987","email":null,"lifeStatus":[]},{"idPerson":2853,"lastname":"Palleto","name":"test","username":null,"birthdate":"02/03/1987","email":null,"lifeStatus":[]},{"idPerson":2953,"lastname":"Palleto","name":"test","username":null,"birthdate":"02/03/1987","email":null,"lifeStatus":[]},{"idPerson":3003,"lastname":"Palleto","name":"test","username":null,"birthdate":"02/03/1987","email":null,"lifeStatus":[]},{"idPerson":3053,"lastname":"Palleto","name":"test","username":null,"birthdate":"02/03/1987","email":null,"lifeStatus":[]},{"idPerson":3103,"lastname":"Palleto","name":"test","username":null,"birthdate":"02/03/1987","email":null,"lifeStatus":[]}]
1
3103
Request #2: GET /person/1 Accept: [application/json] Content-type: [application/json]
	=> Result: OK
	=> HTTP Status: 200
 {"idPerson":1,"lastname":"Chan","name":"Sofia","username":"chuck.norris","birthdate":"01/09/1978","email":"chuck.norris@gmail.com","lifeStatus":[]}
Request #3: PUT /person/1 Accept: [application/json] Content-type: [application/json]
	=> Result: OK
	=> HTTP Status: 200
 {"idPerson":1,"lastname":"Chan","name":"Sofia","username":"chuck.norris","birthdate":"01/09/1978","email":"chuck.norris@gmail.com","lifeStatus":[]}
Request #4: POST /person Accept: [application/json] Content-type: [application/json]
	=> Result: OK
	=> HTTP Status: 200
 {"idPerson":3304,"lastname":"Rossi","name":"Mario","username":"marrossi","birthdate":"01/09/1978","email":"mario@rossi.com"}
Request #5: DELETE /person/3304 Accept: [application/json] Content-type: 
	=> Result: OK
	=> HTTP Status: 500
 
